2024-02-06T00:02:48.496+01:00  INFO 1908 --- [main] d.aittr.g_31_2_shop.G312ShopApplication  : Starting G312ShopApplication using Java 20.0.2 with PID 1908 (/Users/admin/Documents/AIT_BACK/g_31_2_shop/target/classes started by admin in /Users/admin/Documents/AIT_BACK/g_31_2_shop)
2024-02-06T00:02:48.508+01:00  INFO 1908 --- [main] d.aittr.g_31_2_shop.G312ShopApplication  : No active profile set, falling back to 1 default profile: "default"
2024-02-06T00:02:49.236+01:00  INFO 1908 --- [main] .s.d.r.c.RepositoryConfigurationDelegate : Bootstrapping Spring Data JPA repositories in DEFAULT mode.
2024-02-06T00:02:49.304+01:00  INFO 1908 --- [main] .s.d.r.c.RepositoryConfigurationDelegate : Finished Spring Data repository scanning in 60 ms. Found 3 JPA repository interfaces.
2024-02-06T00:02:49.950+01:00  INFO 1908 --- [main] o.s.b.w.embedded.tomcat.TomcatWebServer  : Tomcat initialized with port 8080 (http)
2024-02-06T00:02:49.964+01:00  INFO 1908 --- [main] o.apache.catalina.core.StandardService   : Starting service [Tomcat]
2024-02-06T00:02:49.964+01:00  INFO 1908 --- [main] o.apache.catalina.core.StandardEngine    : Starting Servlet engine: [Apache Tomcat/10.1.17]
2024-02-06T00:02:50.047+01:00  INFO 1908 --- [main] o.a.c.c.C.[Tomcat].[localhost].[/]       : Initializing Spring embedded WebApplicationContext
2024-02-06T00:02:50.048+01:00  INFO 1908 --- [main] w.s.c.ServletWebServerApplicationContext : Root WebApplicationContext: initialization completed in 1481 ms
2024-02-06T00:02:50.208+01:00  INFO 1908 --- [main] o.hibernate.jpa.internal.util.LogHelper  : HHH000204: Processing PersistenceUnitInfo [name: default]
2024-02-06T00:02:50.261+01:00  INFO 1908 --- [main] org.hibernate.Version                    : HHH000412: Hibernate ORM core version 6.4.1.Final
2024-02-06T00:02:50.293+01:00  INFO 1908 --- [main] o.h.c.internal.RegionFactoryInitiator    : HHH000026: Second-level cache disabled
2024-02-06T00:02:50.533+01:00  INFO 1908 --- [main] o.s.o.j.p.SpringPersistenceUnitInfo      : No LoadTimeWeaver setup: ignoring JPA class transformer
2024-02-06T00:02:50.558+01:00  INFO 1908 --- [main] com.zaxxer.hikari.HikariDataSource       : HikariPool-1 - Starting...
2024-02-06T00:02:50.898+01:00  INFO 1908 --- [main] com.zaxxer.hikari.pool.HikariPool        : HikariPool-1 - Added connection com.mysql.cj.jdbc.ConnectionImpl@542c65d9
2024-02-06T00:02:50.901+01:00  INFO 1908 --- [main] com.zaxxer.hikari.HikariDataSource       : HikariPool-1 - Start completed.
2024-02-06T00:02:51.928+01:00  INFO 1908 --- [main] o.h.e.t.j.p.i.JtaPlatformInitiator       : HHH000489: No JTA platform available (set 'hibernate.transaction.jta.platform' to enable JTA platform integration)
2024-02-06T00:02:51.931+01:00  INFO 1908 --- [main] j.LocalContainerEntityManagerFactoryBean : Initialized JPA EntityManagerFactory for persistence unit 'default'
2024-02-06T00:02:52.265+01:00  INFO 1908 --- [main] o.s.d.j.r.query.QueryEnhancerFactory     : Hibernate is in classpath; If applicable, HQL parser will be used.
2024-02-06T00:02:52.439+01:00  WARN 1908 --- [main] JpaBaseConfiguration$JpaWebConfiguration : spring.jpa.open-in-view is enabled by default. Therefore, database queries may be performed during view rendering. Explicitly configure spring.jpa.open-in-view to disable this warning
2024-02-06T00:02:52.774+01:00  INFO 1908 --- [main] o.s.b.w.embedded.tomcat.TomcatWebServer  : Tomcat started on port 8080 (http) with context path ''
2024-02-06T00:02:52.783+01:00  INFO 1908 --- [main] d.aittr.g_31_2_shop.G312ShopApplication  : Started G312ShopApplication in 4.837 seconds (process running for 5.251)
2024-02-06T00:02:56.998+01:00  INFO 1908 --- [http-nio-8080-exec-1] o.a.c.c.C.[Tomcat].[localhost].[/]       : Initializing Spring DispatcherServlet 'dispatcherServlet'
2024-02-06T00:02:56.999+01:00  INFO 1908 --- [http-nio-8080-exec-1] o.s.web.servlet.DispatcherServlet        : Initializing Servlet 'dispatcherServlet'
2024-02-06T00:02:57.001+01:00  INFO 1908 --- [http-nio-8080-exec-1] o.s.web.servlet.DispatcherServlet        : Completed initialization in 2 ms
2024-02-06T00:02:57.032+01:00  INFO 1908 --- [http-nio-8080-exec-1] d.a.g_31_2_shop.logging.AspectLogging    : Вызван метод getAllActiveProducts.
2024-02-06T00:02:57.033+01:00  INFO 1908 --- [http-nio-8080-exec-1] d.a.g_31_2_shop.logging.AspectLogging    : Вызван метод getAllActiveProducts
2024-02-06T00:02:57.161+01:00  INFO 1908 --- [http-nio-8080-exec-1] d.a.g_31_2_shop.logging.AspectLogging    : Метод getAllActiveProducts завершил работу
2024-02-06T00:03:16.371+01:00  INFO 1908 --- [SpringApplicationShutdownHook] j.LocalContainerEntityManagerFactoryBean : Closing JPA EntityManagerFactory for persistence unit 'default'
2024-02-06T00:03:16.373+01:00  INFO 1908 --- [SpringApplicationShutdownHook] com.zaxxer.hikari.HikariDataSource       : HikariPool-1 - Shutdown initiated...
2024-02-06T00:03:16.379+01:00  INFO 1908 --- [SpringApplicationShutdownHook] com.zaxxer.hikari.HikariDataSource       : HikariPool-1 - Shutdown completed.
2024-02-06T00:38:21.173+01:00  INFO 2257 --- [main] d.aittr.g_31_2_shop.G312ShopApplication  : Starting G312ShopApplication using Java 20.0.2 with PID 2257 (/Users/admin/Documents/AIT_BACK/g_31_2_shop/target/classes started by admin in /Users/admin/Documents/AIT_BACK/g_31_2_shop)
2024-02-06T00:38:21.176+01:00  INFO 2257 --- [main] d.aittr.g_31_2_shop.G312ShopApplication  : No active profile set, falling back to 1 default profile: "default"
2024-02-06T00:38:21.916+01:00  INFO 2257 --- [main] .s.d.r.c.RepositoryConfigurationDelegate : Bootstrapping Spring Data JPA repositories in DEFAULT mode.
2024-02-06T00:38:21.982+01:00  INFO 2257 --- [main] .s.d.r.c.RepositoryConfigurationDelegate : Finished Spring Data repository scanning in 59 ms. Found 3 JPA repository interfaces.
2024-02-06T00:38:22.323+01:00  WARN 2257 --- [main] ConfigServletWebServerApplicationContext : Exception encountered during context initialization - cancelling refresh attempt: org.springframework.beans.factory.BeanCreationException: Error creating bean with name 'projectingArgumentResolverBeanPostProcessor' defined in class path resource [org/springframework/data/web/config/ProjectingArgumentResolverRegistrar.class]: BeanPostProcessor before instantiation of bean failed
2024-02-06T00:38:22.334+01:00  INFO 2257 --- [main] .s.b.a.l.ConditionEvaluationReportLogger : 

Error starting ApplicationContext. To display the condition evaluation report re-run your application with 'debug' enabled.
2024-02-06T00:38:22.353+01:00 ERROR 2257 --- [main] o.s.boot.SpringApplication               : Application run failed

org.springframework.beans.factory.BeanCreationException: Error creating bean with name 'projectingArgumentResolverBeanPostProcessor' defined in class path resource [org/springframework/data/web/config/ProjectingArgumentResolverRegistrar.class]: BeanPostProcessor before instantiation of bean failed
	at org.springframework.beans.factory.support.AbstractAutowireCapableBeanFactory.createBean(AbstractAutowireCapableBeanFactory.java:516) ~[spring-beans-6.1.2.jar:6.1.2]
	at org.springframework.beans.factory.support.AbstractBeanFactory.lambda$doGetBean$0(AbstractBeanFactory.java:325) ~[spring-beans-6.1.2.jar:6.1.2]
	at org.springframework.beans.factory.support.DefaultSingletonBeanRegistry.getSingleton(DefaultSingletonBeanRegistry.java:234) ~[spring-beans-6.1.2.jar:6.1.2]
	at org.springframework.beans.factory.support.AbstractBeanFactory.doGetBean(AbstractBeanFactory.java:323) ~[spring-beans-6.1.2.jar:6.1.2]
	at org.springframework.beans.factory.support.AbstractBeanFactory.getBean(AbstractBeanFactory.java:204) ~[spring-beans-6.1.2.jar:6.1.2]
	at org.springframework.context.support.PostProcessorRegistrationDelegate.registerBeanPostProcessors(PostProcessorRegistrationDelegate.java:277) ~[spring-context-6.1.2.jar:6.1.2]
	at org.springframework.context.support.AbstractApplicationContext.registerBeanPostProcessors(AbstractApplicationContext.java:806) ~[spring-context-6.1.2.jar:6.1.2]
	at org.springframework.context.support.AbstractApplicationContext.refresh(AbstractApplicationContext.java:609) ~[spring-context-6.1.2.jar:6.1.2]
	at org.springframework.boot.web.servlet.context.ServletWebServerApplicationContext.refresh(ServletWebServerApplicationContext.java:146) ~[spring-boot-3.2.1.jar:3.2.1]
	at org.springframework.boot.SpringApplication.refresh(SpringApplication.java:762) ~[spring-boot-3.2.1.jar:3.2.1]
	at org.springframework.boot.SpringApplication.refreshContext(SpringApplication.java:464) ~[spring-boot-3.2.1.jar:3.2.1]
	at org.springframework.boot.SpringApplication.run(SpringApplication.java:334) ~[spring-boot-3.2.1.jar:3.2.1]
	at org.springframework.boot.SpringApplication.run(SpringApplication.java:1358) ~[spring-boot-3.2.1.jar:3.2.1]
	at org.springframework.boot.SpringApplication.run(SpringApplication.java:1347) ~[spring-boot-3.2.1.jar:3.2.1]
	at de.aittr.g_31_2_shop.G312ShopApplication.main(G312ShopApplication.java:11) ~[classes/:na]
Caused by: org.springframework.beans.factory.BeanCreationException: Error creating bean with name 'org.springframework.transaction.annotation.ProxyTransactionManagementConfiguration': warning no match for this type name: de.aittr.g_31_2_shop.services.jpa [Xlint:invalidAbsoluteTypeName]
	at org.springframework.beans.factory.support.AbstractAutowireCapableBeanFactory.doCreateBean(AbstractAutowireCapableBeanFactory.java:606) ~[spring-beans-6.1.2.jar:6.1.2]
	at org.springframework.beans.factory.support.AbstractAutowireCapableBeanFactory.createBean(AbstractAutowireCapableBeanFactory.java:521) ~[spring-beans-6.1.2.jar:6.1.2]
	at org.springframework.beans.factory.support.AbstractBeanFactory.lambda$doGetBean$0(AbstractBeanFactory.java:325) ~[spring-beans-6.1.2.jar:6.1.2]
	at org.springframework.beans.factory.support.DefaultSingletonBeanRegistry.getSingleton(DefaultSingletonBeanRegistry.java:234) ~[spring-beans-6.1.2.jar:6.1.2]
	at org.springframework.beans.factory.support.AbstractBeanFactory.doGetBean(AbstractBeanFactory.java:323) ~[spring-beans-6.1.2.jar:6.1.2]
	at org.springframework.beans.factory.support.AbstractBeanFactory.getBean(AbstractBeanFactory.java:199) ~[spring-beans-6.1.2.jar:6.1.2]
	at org.springframework.beans.factory.support.ConstructorResolver.instantiateUsingFactoryMethod(ConstructorResolver.java:413) ~[spring-beans-6.1.2.jar:6.1.2]
	at org.springframework.beans.factory.support.AbstractAutowireCapableBeanFactory.instantiateUsingFactoryMethod(AbstractAutowireCapableBeanFactory.java:1334) ~[spring-beans-6.1.2.jar:6.1.2]
	at org.springframework.beans.factory.support.AbstractAutowireCapableBeanFactory.createBeanInstance(AbstractAutowireCapableBeanFactory.java:1164) ~[spring-beans-6.1.2.jar:6.1.2]
	at org.springframework.beans.factory.support.AbstractAutowireCapableBeanFactory.doCreateBean(AbstractAutowireCapableBeanFactory.java:561) ~[spring-beans-6.1.2.jar:6.1.2]
	at org.springframework.beans.factory.support.AbstractAutowireCapableBeanFactory.createBean(AbstractAutowireCapableBeanFactory.java:521) ~[spring-beans-6.1.2.jar:6.1.2]
	at org.springframework.beans.factory.support.AbstractBeanFactory.lambda$doGetBean$0(AbstractBeanFactory.java:325) ~[spring-beans-6.1.2.jar:6.1.2]
	at org.springframework.beans.factory.support.DefaultSingletonBeanRegistry.getSingleton(DefaultSingletonBeanRegistry.java:234) ~[spring-beans-6.1.2.jar:6.1.2]
	at org.springframework.beans.factory.support.AbstractBeanFactory.doGetBean(AbstractBeanFactory.java:323) ~[spring-beans-6.1.2.jar:6.1.2]
	at org.springframework.beans.factory.support.AbstractBeanFactory.getBean(AbstractBeanFactory.java:204) ~[spring-beans-6.1.2.jar:6.1.2]
	at org.springframework.aop.framework.autoproxy.BeanFactoryAdvisorRetrievalHelper.findAdvisorBeans(BeanFactoryAdvisorRetrievalHelper.java:91) ~[spring-aop-6.1.2.jar:6.1.2]
	at org.springframework.aop.framework.autoproxy.AbstractAdvisorAutoProxyCreator.findCandidateAdvisors(AbstractAdvisorAutoProxyCreator.java:111) ~[spring-aop-6.1.2.jar:6.1.2]
	at org.springframework.aop.aspectj.annotation.AnnotationAwareAspectJAutoProxyCreator.findCandidateAdvisors(AnnotationAwareAspectJAutoProxyCreator.java:92) ~[spring-aop-6.1.2.jar:6.1.2]
	at org.springframework.aop.aspectj.autoproxy.AspectJAwareAdvisorAutoProxyCreator.shouldSkip(AspectJAwareAdvisorAutoProxyCreator.java:101) ~[spring-aop-6.1.2.jar:6.1.2]
	at org.springframework.aop.framework.autoproxy.AbstractAutoProxyCreator.postProcessBeforeInstantiation(AbstractAutoProxyCreator.java:280) ~[spring-aop-6.1.2.jar:6.1.2]
	at org.springframework.beans.factory.support.AbstractAutowireCapableBeanFactory.applyBeanPostProcessorsBeforeInstantiation(AbstractAutowireCapableBeanFactory.java:1129) ~[spring-beans-6.1.2.jar:6.1.2]
	at org.springframework.beans.factory.support.AbstractAutowireCapableBeanFactory.resolveBeforeInstantiation(AbstractAutowireCapableBeanFactory.java:1104) ~[spring-beans-6.1.2.jar:6.1.2]
	at org.springframework.beans.factory.support.AbstractAutowireCapableBeanFactory.createBean(AbstractAutowireCapableBeanFactory.java:510) ~[spring-beans-6.1.2.jar:6.1.2]
	... 14 common frames omitted
Caused by: java.lang.IllegalArgumentException: warning no match for this type name: de.aittr.g_31_2_shop.services.jpa [Xlint:invalidAbsoluteTypeName]
	at org.aspectj.weaver.tools.PointcutParser.parsePointcutExpression(PointcutParser.java:319) ~[aspectjweaver-1.9.21.jar:na]
	at org.springframework.aop.aspectj.AspectJExpressionPointcut.buildPointcutExpression(AspectJExpressionPointcut.java:223) ~[spring-aop-6.1.2.jar:6.1.2]
	at org.springframework.aop.aspectj.AspectJExpressionPointcut.obtainPointcutExpression(AspectJExpressionPointcut.java:194) ~[spring-aop-6.1.2.jar:6.1.2]
	at org.springframework.aop.aspectj.AspectJExpressionPointcut.getClassFilter(AspectJExpressionPointcut.java:173) ~[spring-aop-6.1.2.jar:6.1.2]
	at org.springframework.aop.support.AopUtils.canApply(AopUtils.java:234) ~[spring-aop-6.1.2.jar:6.1.2]
	at org.springframework.aop.support.AopUtils.canApply(AopUtils.java:296) ~[spring-aop-6.1.2.jar:6.1.2]
	at org.springframework.aop.support.AopUtils.findAdvisorsThatCanApply(AopUtils.java:328) ~[spring-aop-6.1.2.jar:6.1.2]
	at org.springframework.aop.framework.autoproxy.AbstractAdvisorAutoProxyCreator.findAdvisorsThatCanApply(AbstractAdvisorAutoProxyCreator.java:128) ~[spring-aop-6.1.2.jar:6.1.2]
	at org.springframework.aop.framework.autoproxy.AbstractAdvisorAutoProxyCreator.findEligibleAdvisors(AbstractAdvisorAutoProxyCreator.java:97) ~[spring-aop-6.1.2.jar:6.1.2]
	at org.springframework.aop.framework.autoproxy.AbstractAdvisorAutoProxyCreator.getAdvicesAndAdvisorsForBean(AbstractAdvisorAutoProxyCreator.java:78) ~[spring-aop-6.1.2.jar:6.1.2]
	at org.springframework.aop.framework.autoproxy.AbstractAutoProxyCreator.wrapIfNecessary(AbstractAutoProxyCreator.java:366) ~[spring-aop-6.1.2.jar:6.1.2]
	at org.springframework.aop.framework.autoproxy.AbstractAutoProxyCreator.postProcessAfterInitialization(AbstractAutoProxyCreator.java:318) ~[spring-aop-6.1.2.jar:6.1.2]
	at org.springframework.beans.factory.support.AbstractAutowireCapableBeanFactory.applyBeanPostProcessorsAfterInitialization(AbstractAutowireCapableBeanFactory.java:437) ~[spring-beans-6.1.2.jar:6.1.2]
	at org.springframework.beans.factory.support.AbstractAutowireCapableBeanFactory.initializeBean(AbstractAutowireCapableBeanFactory.java:1776) ~[spring-beans-6.1.2.jar:6.1.2]
	at org.springframework.beans.factory.support.AbstractAutowireCapableBeanFactory.doCreateBean(AbstractAutowireCapableBeanFactory.java:599) ~[spring-beans-6.1.2.jar:6.1.2]
	... 36 common frames omitted

2024-02-06T00:41:20.108+01:00  INFO 2289 --- [main] d.aittr.g_31_2_shop.G312ShopApplication  : Starting G312ShopApplication using Java 20.0.2 with PID 2289 (/Users/admin/Documents/AIT_BACK/g_31_2_shop/target/classes started by admin in /Users/admin/Documents/AIT_BACK/g_31_2_shop)
2024-02-06T00:41:20.110+01:00  INFO 2289 --- [main] d.aittr.g_31_2_shop.G312ShopApplication  : No active profile set, falling back to 1 default profile: "default"
2024-02-06T00:41:20.831+01:00  INFO 2289 --- [main] .s.d.r.c.RepositoryConfigurationDelegate : Bootstrapping Spring Data JPA repositories in DEFAULT mode.
2024-02-06T00:41:20.898+01:00  INFO 2289 --- [main] .s.d.r.c.RepositoryConfigurationDelegate : Finished Spring Data repository scanning in 60 ms. Found 3 JPA repository interfaces.
2024-02-06T00:41:21.666+01:00  INFO 2289 --- [main] o.s.b.w.embedded.tomcat.TomcatWebServer  : Tomcat initialized with port 8080 (http)
2024-02-06T00:41:21.682+01:00  INFO 2289 --- [main] o.apache.catalina.core.StandardService   : Starting service [Tomcat]
2024-02-06T00:41:21.683+01:00  INFO 2289 --- [main] o.apache.catalina.core.StandardEngine    : Starting Servlet engine: [Apache Tomcat/10.1.17]
2024-02-06T00:41:21.740+01:00  INFO 2289 --- [main] o.a.c.c.C.[Tomcat].[localhost].[/]       : Initializing Spring embedded WebApplicationContext
2024-02-06T00:41:21.740+01:00  INFO 2289 --- [main] w.s.c.ServletWebServerApplicationContext : Root WebApplicationContext: initialization completed in 1578 ms
2024-02-06T00:41:21.927+01:00  INFO 2289 --- [main] o.hibernate.jpa.internal.util.LogHelper  : HHH000204: Processing PersistenceUnitInfo [name: default]
2024-02-06T00:41:21.993+01:00  INFO 2289 --- [main] org.hibernate.Version                    : HHH000412: Hibernate ORM core version 6.4.1.Final
2024-02-06T00:41:22.043+01:00  INFO 2289 --- [main] o.h.c.internal.RegionFactoryInitiator    : HHH000026: Second-level cache disabled
2024-02-06T00:41:22.307+01:00  INFO 2289 --- [main] o.s.o.j.p.SpringPersistenceUnitInfo      : No LoadTimeWeaver setup: ignoring JPA class transformer
2024-02-06T00:41:22.337+01:00  INFO 2289 --- [main] com.zaxxer.hikari.HikariDataSource       : HikariPool-1 - Starting...
2024-02-06T00:41:22.686+01:00  INFO 2289 --- [main] com.zaxxer.hikari.pool.HikariPool        : HikariPool-1 - Added connection com.mysql.cj.jdbc.ConnectionImpl@bd273b2
2024-02-06T00:41:22.688+01:00  INFO 2289 --- [main] com.zaxxer.hikari.HikariDataSource       : HikariPool-1 - Start completed.
2024-02-06T00:41:23.801+01:00  INFO 2289 --- [main] o.h.e.t.j.p.i.JtaPlatformInitiator       : HHH000489: No JTA platform available (set 'hibernate.transaction.jta.platform' to enable JTA platform integration)
2024-02-06T00:41:23.804+01:00  INFO 2289 --- [main] j.LocalContainerEntityManagerFactoryBean : Initialized JPA EntityManagerFactory for persistence unit 'default'
2024-02-06T00:41:24.321+01:00  INFO 2289 --- [main] o.s.d.j.r.query.QueryEnhancerFactory     : Hibernate is in classpath; If applicable, HQL parser will be used.
2024-02-06T00:41:24.516+01:00  WARN 2289 --- [main] JpaBaseConfiguration$JpaWebConfiguration : spring.jpa.open-in-view is enabled by default. Therefore, database queries may be performed during view rendering. Explicitly configure spring.jpa.open-in-view to disable this warning
2024-02-06T00:41:25.008+01:00  INFO 2289 --- [main] o.s.b.w.embedded.tomcat.TomcatWebServer  : Tomcat started on port 8080 (http) with context path ''
2024-02-06T00:41:25.018+01:00  INFO 2289 --- [main] d.aittr.g_31_2_shop.G312ShopApplication  : Started G312ShopApplication in 5.438 seconds (process running for 5.851)
2024-02-06T00:41:36.761+01:00  INFO 2289 --- [http-nio-8080-exec-2] o.a.c.c.C.[Tomcat].[localhost].[/]       : Initializing Spring DispatcherServlet 'dispatcherServlet'
2024-02-06T00:41:36.761+01:00  INFO 2289 --- [http-nio-8080-exec-2] o.s.web.servlet.DispatcherServlet        : Initializing Servlet 'dispatcherServlet'
2024-02-06T00:41:36.763+01:00  INFO 2289 --- [http-nio-8080-exec-2] o.s.web.servlet.DispatcherServlet        : Completed initialization in 1 ms
2024-02-06T00:41:36.797+01:00  INFO 2289 --- [http-nio-8080-exec-2] d.a.g_31_2_shop.logging.AspectLogging    : Вызван метод getAllActiveProducts.
2024-02-06T00:41:36.798+01:00  INFO 2289 --- [http-nio-8080-exec-2] d.a.g_31_2_shop.logging.AspectLogging    : ** Вызван метод getAllActiveProducts класса de.aittr.g_31_2_shop.services.jpa.JpaProductService
2024-02-06T00:41:53.868+01:00  INFO 2289 --- [http-nio-8080-exec-3] d.a.g_31_2_shop.logging.AspectLogging    : ** Вызван метод getActiveProductById класса de.aittr.g_31_2_shop.services.jpa.JpaProductService с параметрами [2]
2024-02-06T00:41:53.885+01:00  INFO 2289 --- [http-nio-8080-exec-3] d.a.g_31_2_shop.logging.AspectLogging    : Метод getActiveProductById вызыван с параметром 2 и успешно вернул рузультат: ProductDto{id=2, name='Apple', price=90.0}
2024-02-06T00:42:19.491+01:00  INFO 2289 --- [http-nio-8080-exec-4] d.a.g_31_2_shop.logging.AspectLogging    : ** Вызван метод getActiveProductById класса de.aittr.g_31_2_shop.services.jpa.JpaProductService с параметрами [2]
2024-02-06T00:42:19.498+01:00  INFO 2289 --- [http-nio-8080-exec-4] d.a.g_31_2_shop.logging.AspectLogging    : Метод getActiveProductById вызыван с параметром 2 и успешно вернул рузультат: ProductDto{id=2, name='Apple', price=90.0}
2024-02-06T00:42:42.567+01:00  INFO 2289 --- [http-nio-8080-exec-5] d.a.g_31_2_shop.logging.AspectLogging    : ** Вызван метод getActiveProductById класса de.aittr.g_31_2_shop.services.jpa.JpaProductService с параметрами [2]
2024-02-06T00:42:42.572+01:00  INFO 2289 --- [http-nio-8080-exec-5] d.a.g_31_2_shop.logging.AspectLogging    : Метод getActiveProductById вызыван с параметром 2 и успешно вернул рузультат: ProductDto{id=2, name='Apple', price=90.0}
2024-02-06T00:43:09.563+01:00  INFO 2289 --- [SpringApplicationShutdownHook] j.LocalContainerEntityManagerFactoryBean : Closing JPA EntityManagerFactory for persistence unit 'default'
2024-02-06T00:43:09.565+01:00  INFO 2289 --- [SpringApplicationShutdownHook] com.zaxxer.hikari.HikariDataSource       : HikariPool-1 - Shutdown initiated...
2024-02-06T00:43:09.570+01:00  INFO 2289 --- [SpringApplicationShutdownHook] com.zaxxer.hikari.HikariDataSource       : HikariPool-1 - Shutdown completed.
2024-02-06T00:47:17.681+01:00  INFO 2339 --- [main] d.aittr.g_31_2_shop.G312ShopApplication  : Starting G312ShopApplication using Java 20.0.2 with PID 2339 (/Users/admin/Documents/AIT_BACK/g_31_2_shop/target/classes started by admin in /Users/admin/Documents/AIT_BACK/g_31_2_shop)
2024-02-06T00:47:17.683+01:00  INFO 2339 --- [main] d.aittr.g_31_2_shop.G312ShopApplication  : No active profile set, falling back to 1 default profile: "default"
2024-02-06T00:47:18.472+01:00  INFO 2339 --- [main] .s.d.r.c.RepositoryConfigurationDelegate : Bootstrapping Spring Data JPA repositories in DEFAULT mode.
2024-02-06T00:47:18.546+01:00  INFO 2339 --- [main] .s.d.r.c.RepositoryConfigurationDelegate : Finished Spring Data repository scanning in 65 ms. Found 3 JPA repository interfaces.
2024-02-06T00:47:19.395+01:00  INFO 2339 --- [main] o.s.b.w.embedded.tomcat.TomcatWebServer  : Tomcat initialized with port 8080 (http)
2024-02-06T00:47:19.411+01:00  INFO 2339 --- [main] o.apache.catalina.core.StandardService   : Starting service [Tomcat]
2024-02-06T00:47:19.412+01:00  INFO 2339 --- [main] o.apache.catalina.core.StandardEngine    : Starting Servlet engine: [Apache Tomcat/10.1.17]
2024-02-06T00:47:19.473+01:00  INFO 2339 --- [main] o.a.c.c.C.[Tomcat].[localhost].[/]       : Initializing Spring embedded WebApplicationContext
2024-02-06T00:47:19.474+01:00  INFO 2339 --- [main] w.s.c.ServletWebServerApplicationContext : Root WebApplicationContext: initialization completed in 1736 ms
2024-02-06T00:47:19.698+01:00  INFO 2339 --- [main] o.hibernate.jpa.internal.util.LogHelper  : HHH000204: Processing PersistenceUnitInfo [name: default]
2024-02-06T00:47:19.755+01:00  INFO 2339 --- [main] org.hibernate.Version                    : HHH000412: Hibernate ORM core version 6.4.1.Final
2024-02-06T00:47:19.792+01:00  INFO 2339 --- [main] o.h.c.internal.RegionFactoryInitiator    : HHH000026: Second-level cache disabled
2024-02-06T00:47:20.042+01:00  INFO 2339 --- [main] o.s.o.j.p.SpringPersistenceUnitInfo      : No LoadTimeWeaver setup: ignoring JPA class transformer
2024-02-06T00:47:20.069+01:00  INFO 2339 --- [main] com.zaxxer.hikari.HikariDataSource       : HikariPool-1 - Starting...
2024-02-06T00:47:20.408+01:00  INFO 2339 --- [main] com.zaxxer.hikari.pool.HikariPool        : HikariPool-1 - Added connection com.mysql.cj.jdbc.ConnectionImpl@655621fd
2024-02-06T00:47:20.410+01:00  INFO 2339 --- [main] com.zaxxer.hikari.HikariDataSource       : HikariPool-1 - Start completed.
2024-02-06T00:47:21.448+01:00  INFO 2339 --- [main] o.h.e.t.j.p.i.JtaPlatformInitiator       : HHH000489: No JTA platform available (set 'hibernate.transaction.jta.platform' to enable JTA platform integration)
2024-02-06T00:47:21.452+01:00  INFO 2339 --- [main] j.LocalContainerEntityManagerFactoryBean : Initialized JPA EntityManagerFactory for persistence unit 'default'
2024-02-06T00:47:22.145+01:00  INFO 2339 --- [main] o.s.d.j.r.query.QueryEnhancerFactory     : Hibernate is in classpath; If applicable, HQL parser will be used.
2024-02-06T00:47:22.424+01:00  WARN 2339 --- [main] JpaBaseConfiguration$JpaWebConfiguration : spring.jpa.open-in-view is enabled by default. Therefore, database queries may be performed during view rendering. Explicitly configure spring.jpa.open-in-view to disable this warning
2024-02-06T00:47:23.159+01:00  INFO 2339 --- [main] o.s.b.w.embedded.tomcat.TomcatWebServer  : Tomcat started on port 8080 (http) with context path ''
2024-02-06T00:47:23.169+01:00  INFO 2339 --- [main] d.aittr.g_31_2_shop.G312ShopApplication  : Started G312ShopApplication in 6.069 seconds (process running for 6.507)
2024-02-06T00:47:32.603+01:00  INFO 2339 --- [http-nio-8080-exec-2] o.a.c.c.C.[Tomcat].[localhost].[/]       : Initializing Spring DispatcherServlet 'dispatcherServlet'
2024-02-06T00:47:32.604+01:00  INFO 2339 --- [http-nio-8080-exec-2] o.s.web.servlet.DispatcherServlet        : Initializing Servlet 'dispatcherServlet'
2024-02-06T00:47:32.606+01:00  INFO 2339 --- [http-nio-8080-exec-2] o.s.web.servlet.DispatcherServlet        : Completed initialization in 2 ms
2024-02-06T00:47:32.647+01:00  INFO 2339 --- [http-nio-8080-exec-2] d.a.g_31_2_shop.logging.AspectLogging    : ** Вызван метод getActiveProductById класса de.aittr.g_31_2_shop.services.jpa.JpaProductService с параметрами [2]
2024-02-06T00:47:32.732+01:00  INFO 2339 --- [http-nio-8080-exec-2] d.a.g_31_2_shop.logging.AspectLogging    : Метод getActiveProductById вызыван с параметром 2 и успешно вернул рузультат: ProductDto{id=2, name='Apple', price=90.0}
2024-02-06T00:47:32.739+01:00  INFO 2339 --- [http-nio-8080-exec-2] d.a.g_31_2_shop.logging.AspectLogging    : ** Завершил работу метод getActiveProductById класса de.aittr.g_31_2_shop.services.jpa.JpaProductService с параметрами [2]
2024-02-06T00:47:55.320+01:00  INFO 2339 --- [SpringApplicationShutdownHook] j.LocalContainerEntityManagerFactoryBean : Closing JPA EntityManagerFactory for persistence unit 'default'
2024-02-06T00:47:55.321+01:00  INFO 2339 --- [SpringApplicationShutdownHook] com.zaxxer.hikari.HikariDataSource       : HikariPool-1 - Shutdown initiated...
2024-02-06T00:47:55.328+01:00  INFO 2339 --- [SpringApplicationShutdownHook] com.zaxxer.hikari.HikariDataSource       : HikariPool-1 - Shutdown completed.
2024-02-06T00:53:30.276+01:00  INFO 2399 --- [main] d.aittr.g_31_2_shop.G312ShopApplication  : Starting G312ShopApplication using Java 20.0.2 with PID 2399 (/Users/admin/Documents/AIT_BACK/g_31_2_shop/target/classes started by admin in /Users/admin/Documents/AIT_BACK/g_31_2_shop)
2024-02-06T00:53:30.279+01:00  INFO 2399 --- [main] d.aittr.g_31_2_shop.G312ShopApplication  : No active profile set, falling back to 1 default profile: "default"
2024-02-06T00:53:30.999+01:00  INFO 2399 --- [main] .s.d.r.c.RepositoryConfigurationDelegate : Bootstrapping Spring Data JPA repositories in DEFAULT mode.
2024-02-06T00:53:31.067+01:00  INFO 2399 --- [main] .s.d.r.c.RepositoryConfigurationDelegate : Finished Spring Data repository scanning in 60 ms. Found 3 JPA repository interfaces.
2024-02-06T00:53:31.954+01:00  INFO 2399 --- [main] o.s.b.w.embedded.tomcat.TomcatWebServer  : Tomcat initialized with port 8080 (http)
2024-02-06T00:53:31.970+01:00  INFO 2399 --- [main] o.apache.catalina.core.StandardService   : Starting service [Tomcat]
2024-02-06T00:53:31.970+01:00  INFO 2399 --- [main] o.apache.catalina.core.StandardEngine    : Starting Servlet engine: [Apache Tomcat/10.1.17]
2024-02-06T00:53:32.024+01:00  INFO 2399 --- [main] o.a.c.c.C.[Tomcat].[localhost].[/]       : Initializing Spring embedded WebApplicationContext
2024-02-06T00:53:32.024+01:00  INFO 2399 --- [main] w.s.c.ServletWebServerApplicationContext : Root WebApplicationContext: initialization completed in 1697 ms
2024-02-06T00:53:32.245+01:00  INFO 2399 --- [main] o.hibernate.jpa.internal.util.LogHelper  : HHH000204: Processing PersistenceUnitInfo [name: default]
2024-02-06T00:53:32.298+01:00  INFO 2399 --- [main] org.hibernate.Version                    : HHH000412: Hibernate ORM core version 6.4.1.Final
2024-02-06T00:53:32.333+01:00  INFO 2399 --- [main] o.h.c.internal.RegionFactoryInitiator    : HHH000026: Second-level cache disabled
2024-02-06T00:53:32.557+01:00  INFO 2399 --- [main] o.s.o.j.p.SpringPersistenceUnitInfo      : No LoadTimeWeaver setup: ignoring JPA class transformer
2024-02-06T00:53:32.584+01:00  INFO 2399 --- [main] com.zaxxer.hikari.HikariDataSource       : HikariPool-1 - Starting...
2024-02-06T00:53:32.937+01:00  INFO 2399 --- [main] com.zaxxer.hikari.pool.HikariPool        : HikariPool-1 - Added connection com.mysql.cj.jdbc.ConnectionImpl@2bb0e277
2024-02-06T00:53:32.939+01:00  INFO 2399 --- [main] com.zaxxer.hikari.HikariDataSource       : HikariPool-1 - Start completed.
2024-02-06T00:53:33.989+01:00  INFO 2399 --- [main] o.h.e.t.j.p.i.JtaPlatformInitiator       : HHH000489: No JTA platform available (set 'hibernate.transaction.jta.platform' to enable JTA platform integration)
2024-02-06T00:53:33.992+01:00  INFO 2399 --- [main] j.LocalContainerEntityManagerFactoryBean : Initialized JPA EntityManagerFactory for persistence unit 'default'
2024-02-06T00:53:34.773+01:00  INFO 2399 --- [main] o.s.d.j.r.query.QueryEnhancerFactory     : Hibernate is in classpath; If applicable, HQL parser will be used.
2024-02-06T00:53:35.034+01:00  WARN 2399 --- [main] JpaBaseConfiguration$JpaWebConfiguration : spring.jpa.open-in-view is enabled by default. Therefore, database queries may be performed during view rendering. Explicitly configure spring.jpa.open-in-view to disable this warning
2024-02-06T00:53:35.833+01:00  INFO 2399 --- [main] o.s.b.w.embedded.tomcat.TomcatWebServer  : Tomcat started on port 8080 (http) with context path ''
2024-02-06T00:53:35.843+01:00  INFO 2399 --- [main] d.aittr.g_31_2_shop.G312ShopApplication  : Started G312ShopApplication in 6.088 seconds (process running for 6.506)
2024-02-06T00:53:46.176+01:00  INFO 2399 --- [http-nio-8080-exec-1] o.a.c.c.C.[Tomcat].[localhost].[/]       : Initializing Spring DispatcherServlet 'dispatcherServlet'
2024-02-06T00:53:46.177+01:00  INFO 2399 --- [http-nio-8080-exec-1] o.s.web.servlet.DispatcherServlet        : Initializing Servlet 'dispatcherServlet'
2024-02-06T00:53:46.178+01:00  INFO 2399 --- [http-nio-8080-exec-1] o.s.web.servlet.DispatcherServlet        : Completed initialization in 1 ms
2024-02-06T00:53:46.212+01:00  INFO 2399 --- [http-nio-8080-exec-1] d.a.g_31_2_shop.logging.AspectLogging    : Вызван метод getAllActiveProducts.
2024-02-06T00:53:46.214+01:00  INFO 2399 --- [http-nio-8080-exec-1] d.a.g_31_2_shop.logging.AspectLogging    : ** Вызван метод getAllActiveProducts класса de.aittr.g_31_2_shop.services.jpa.JpaProductService
2024-02-06T00:53:46.362+01:00  INFO 2399 --- [http-nio-8080-exec-1] d.a.g_31_2_shop.logging.AspectLogging    : ** Метод getAllActiveProducts класса de.aittr.g_31_2_shop.services.jpa.JpaProductService вернул результат [ProductDto{id=1, name='Banana', price=120.0}, ProductDto{id=2, name='Apple', price=90.0}, ProductDto{id=3, name='Orange', price=210.0}, ProductDto{id=4, name='Carrot', price=60.0}, ProductDto{id=5, name='Potato', price=70.0}, ProductDto{id=7, name='Peach', price=170.0}, ProductDto{id=8, name='Lemon', price=260.0}, ProductDto{id=13, name='Pear', price=115.0}, ProductDto{id=14, name='Chery', price=200.0}]
2024-02-06T00:53:46.367+01:00  INFO 2399 --- [http-nio-8080-exec-1] d.a.g_31_2_shop.logging.AspectLogging    : ** Завершил работу метод getAllActiveProducts класса de.aittr.g_31_2_shop.services.jpa.JpaProductService
2024-02-06T00:54:29.735+01:00  INFO 2399 --- [http-nio-8080-exec-3] d.a.g_31_2_shop.logging.AspectLogging    : ** Вызван метод getActiveProductById класса de.aittr.g_31_2_shop.services.jpa.JpaProductService с параметрами [2]
2024-02-06T00:54:29.749+01:00  INFO 2399 --- [http-nio-8080-exec-3] d.a.g_31_2_shop.logging.AspectLogging    : ** Метод getActiveProductById класса de.aittr.g_31_2_shop.services.jpa.JpaProductService с параметрами [2] вернул результат ProductDto{id=2, name='Apple', price=90.0}
2024-02-06T00:54:29.749+01:00  INFO 2399 --- [http-nio-8080-exec-3] d.a.g_31_2_shop.logging.AspectLogging    : Метод getActiveProductById вызыван с параметром 2 и успешно вернул рузультат: ProductDto{id=2, name='Apple', price=90.0}
2024-02-06T00:54:29.750+01:00  INFO 2399 --- [http-nio-8080-exec-3] d.a.g_31_2_shop.logging.AspectLogging    : ** Завершил работу метод getActiveProductById класса de.aittr.g_31_2_shop.services.jpa.JpaProductService с параметрами [2]
2024-02-06T00:54:52.077+01:00  INFO 2399 --- [http-nio-8080-exec-4] d.a.g_31_2_shop.logging.AspectLogging    : ** Вызван метод getActiveProductTotalPrice класса de.aittr.g_31_2_shop.services.jpa.JpaProductService
2024-02-06T00:54:52.090+01:00  INFO 2399 --- [http-nio-8080-exec-4] d.a.g_31_2_shop.logging.AspectLogging    : ** Метод getActiveProductTotalPrice класса de.aittr.g_31_2_shop.services.jpa.JpaProductService вернул результат 1295.0
2024-02-06T00:54:52.091+01:00  INFO 2399 --- [http-nio-8080-exec-4] d.a.g_31_2_shop.logging.AspectLogging    : ** Завершил работу метод getActiveProductTotalPrice класса de.aittr.g_31_2_shop.services.jpa.JpaProductService
2024-02-06T00:55:50.889+01:00  INFO 2399 --- [http-nio-8080-exec-5] d.a.g_31_2_shop.logging.AspectLogging    : ** Вызван метод deleteById класса de.aittr.g_31_2_shop.services.jpa.JpaProductService с параметрами [7]
2024-02-06T00:55:50.894+01:00  INFO 2399 --- [http-nio-8080-exec-5] d.a.g_31_2_shop.logging.AspectLogging    : ** Метод deleteById класса de.aittr.g_31_2_shop.services.jpa.JpaProductService с параметрами [7] вернул результат null
2024-02-06T00:55:50.894+01:00  INFO 2399 --- [http-nio-8080-exec-5] d.a.g_31_2_shop.logging.AspectLogging    : ** Завершил работу метод deleteById класса de.aittr.g_31_2_shop.services.jpa.JpaProductService с параметрами [7]
2024-02-06T00:56:07.822+01:00  INFO 2399 --- [http-nio-8080-exec-6] d.a.g_31_2_shop.logging.AspectLogging    : ** Вызван метод deleteById класса de.aittr.g_31_2_shop.services.jpa.JpaProductService с параметрами [7]
2024-02-06T00:56:07.824+01:00  INFO 2399 --- [http-nio-8080-exec-6] d.a.g_31_2_shop.logging.AspectLogging    : ** Завершил работу метод deleteById класса de.aittr.g_31_2_shop.services.jpa.JpaProductService с параметрами [7]
2024-02-06T00:56:44.514+01:00  INFO 2399 --- [http-nio-8080-exec-8] d.a.g_31_2_shop.logging.AspectLogging    : Вызван метод getAllActiveProducts.
2024-02-06T00:56:44.514+01:00  INFO 2399 --- [http-nio-8080-exec-8] d.a.g_31_2_shop.logging.AspectLogging    : ** Вызван метод getAllActiveProducts класса de.aittr.g_31_2_shop.services.jpa.JpaProductService
2024-02-06T00:56:44.521+01:00  INFO 2399 --- [http-nio-8080-exec-8] d.a.g_31_2_shop.logging.AspectLogging    : ** Метод getAllActiveProducts класса de.aittr.g_31_2_shop.services.jpa.JpaProductService вернул результат [ProductDto{id=1, name='Banana', price=120.0}, ProductDto{id=2, name='Apple', price=90.0}, ProductDto{id=3, name='Orange', price=210.0}, ProductDto{id=4, name='Carrot', price=60.0}, ProductDto{id=5, name='Potato', price=70.0}, ProductDto{id=8, name='Lemon', price=260.0}, ProductDto{id=13, name='Pear', price=115.0}, ProductDto{id=14, name='Chery', price=200.0}]
2024-02-06T00:56:44.521+01:00  INFO 2399 --- [http-nio-8080-exec-8] d.a.g_31_2_shop.logging.AspectLogging    : ** Завершил работу метод getAllActiveProducts класса de.aittr.g_31_2_shop.services.jpa.JpaProductService
2024-02-06T00:56:59.717+01:00  INFO 2399 --- [http-nio-8080-exec-9] d.a.g_31_2_shop.logging.AspectLogging    : ** Вызван метод restoreById класса de.aittr.g_31_2_shop.services.jpa.JpaProductService с параметрами [7]
2024-02-06T00:56:59.720+01:00  INFO 2399 --- [http-nio-8080-exec-9] d.a.g_31_2_shop.logging.AspectLogging    : ** Метод restoreById класса de.aittr.g_31_2_shop.services.jpa.JpaProductService с параметрами [7] вернул результат null
2024-02-06T00:56:59.720+01:00  INFO 2399 --- [http-nio-8080-exec-9] d.a.g_31_2_shop.logging.AspectLogging    : ** Завершил работу метод restoreById класса de.aittr.g_31_2_shop.services.jpa.JpaProductService с параметрами [7]
2024-02-06T00:56:59.721+01:00  INFO 2399 --- [http-nio-8080-exec-9] d.a.g_31_2_shop.logging.AspectLogging    : Вызван метод restoreById с идентификатором 7.
2024-02-06T00:57:10.203+01:00  INFO 2399 --- [http-nio-8080-exec-10] d.a.g_31_2_shop.logging.AspectLogging    : ** Вызван метод restoreById класса de.aittr.g_31_2_shop.services.jpa.JpaProductService с параметрами [7]
2024-02-06T00:57:10.206+01:00  INFO 2399 --- [http-nio-8080-exec-10] d.a.g_31_2_shop.logging.AspectLogging    : ** Завершил работу метод restoreById класса de.aittr.g_31_2_shop.services.jpa.JpaProductService с параметрами [7]
2024-02-06T00:57:10.206+01:00  INFO 2399 --- [http-nio-8080-exec-10] d.a.g_31_2_shop.logging.AspectLogging    : Вызван метод restoreById с идентификатором 7.
2024-02-06T00:58:15.588+01:00  INFO 2399 --- [http-nio-8080-exec-1] d.a.g_31_2_shop.logging.AspectLogging    : ** Вызван метод getAllActiveCustomers класса de.aittr.g_31_2_shop.services.jpa.JpaCustomerService
2024-02-06T00:58:15.655+01:00  INFO 2399 --- [http-nio-8080-exec-1] d.a.g_31_2_shop.logging.AspectLogging    : ** Метод getAllActiveCustomers класса de.aittr.g_31_2_shop.services.jpa.JpaCustomerService вернул результат [CustomerDto{id=1, name='Vanya', cart=CartDto{id=4, products=[ProductDto{id=1, name='Banana', price=120.0}, ProductDto{id=2, name='Apple', price=90.0}, ProductDto{id=3, name='Orange', price=210.0}]}}, CustomerDto{id=2, name='Petya', cart=CartDto{id=5, products=[ProductDto{id=3, name='Orange', price=210.0}, ProductDto{id=4, name='Carrot', price=60.0}, ProductDto{id=5, name='Potato', price=70.0}, ProductDto{id=6, name='Coconut', price=300.0}]}}, CustomerDto{id=3, name='Sidor', cart=CartDto{id=6, products=[ProductDto{id=1, name='Banana', price=120.0}, ProductDto{id=3, name='Orange', price=210.0}, ProductDto{id=5, name='Potato', price=70.0}, ProductDto{id=7, name='Peach', price=170.0}]}}, CustomerDto{id=4, name='Vasya', cart=CartDto{id=7, products=[]}}, CustomerDto{id=6, name='Alex', cart=CartDto{id=9, products=[]}}, CustomerDto{id=7, name='Oleg', cart=CartDto{id=10, products=[]}}, CustomerDto{id=8, name='Ivan', cart=CartDto{id=11, products=[]}}, CustomerDto{id=9, name='Max', cart=CartDto{id=12, products=[]}}, CustomerDto{id=24, name='Mark', cart=CartDto{id=16, products=[]}}, CustomerDto{id=26, name='Markiz', cart=CartDto{id=17, products=[]}}]
2024-02-06T00:58:15.657+01:00  INFO 2399 --- [http-nio-8080-exec-1] d.a.g_31_2_shop.logging.AspectLogging    : ** Завершил работу метод getAllActiveCustomers класса de.aittr.g_31_2_shop.services.jpa.JpaCustomerService
2024-02-06T00:58:33.658+01:00  INFO 2399 --- [SpringApplicationShutdownHook] j.LocalContainerEntityManagerFactoryBean : Closing JPA EntityManagerFactory for persistence unit 'default'
2024-02-06T00:58:33.660+01:00  INFO 2399 --- [SpringApplicationShutdownHook] com.zaxxer.hikari.HikariDataSource       : HikariPool-1 - Shutdown initiated...
2024-02-06T00:58:33.665+01:00  INFO 2399 --- [SpringApplicationShutdownHook] com.zaxxer.hikari.HikariDataSource       : HikariPool-1 - Shutdown completed.
2024-02-06T01:04:25.302+01:00  INFO 2510 --- [main] d.aittr.g_31_2_shop.G312ShopApplication  : Starting G312ShopApplication using Java 20.0.2 with PID 2510 (/Users/admin/Documents/AIT_BACK/g_31_2_shop/target/classes started by admin in /Users/admin/Documents/AIT_BACK/g_31_2_shop)
2024-02-06T01:04:25.304+01:00  INFO 2510 --- [main] d.aittr.g_31_2_shop.G312ShopApplication  : No active profile set, falling back to 1 default profile: "default"
2024-02-06T01:04:26.138+01:00  INFO 2510 --- [main] .s.d.r.c.RepositoryConfigurationDelegate : Bootstrapping Spring Data JPA repositories in DEFAULT mode.
2024-02-06T01:04:26.209+01:00  INFO 2510 --- [main] .s.d.r.c.RepositoryConfigurationDelegate : Finished Spring Data repository scanning in 63 ms. Found 3 JPA repository interfaces.
2024-02-06T01:04:27.246+01:00  INFO 2510 --- [main] o.s.b.w.embedded.tomcat.TomcatWebServer  : Tomcat initialized with port 8080 (http)
2024-02-06T01:04:27.261+01:00  INFO 2510 --- [main] o.apache.catalina.core.StandardService   : Starting service [Tomcat]
2024-02-06T01:04:27.261+01:00  INFO 2510 --- [main] o.apache.catalina.core.StandardEngine    : Starting Servlet engine: [Apache Tomcat/10.1.17]
2024-02-06T01:04:27.319+01:00  INFO 2510 --- [main] o.a.c.c.C.[Tomcat].[localhost].[/]       : Initializing Spring embedded WebApplicationContext
2024-02-06T01:04:27.320+01:00  INFO 2510 --- [main] w.s.c.ServletWebServerApplicationContext : Root WebApplicationContext: initialization completed in 1960 ms
2024-02-06T01:04:27.592+01:00  INFO 2510 --- [main] o.hibernate.jpa.internal.util.LogHelper  : HHH000204: Processing PersistenceUnitInfo [name: default]
2024-02-06T01:04:27.672+01:00  INFO 2510 --- [main] org.hibernate.Version                    : HHH000412: Hibernate ORM core version 6.4.1.Final
2024-02-06T01:04:27.712+01:00  INFO 2510 --- [main] o.h.c.internal.RegionFactoryInitiator    : HHH000026: Second-level cache disabled
2024-02-06T01:04:27.954+01:00  INFO 2510 --- [main] o.s.o.j.p.SpringPersistenceUnitInfo      : No LoadTimeWeaver setup: ignoring JPA class transformer
2024-02-06T01:04:27.979+01:00  INFO 2510 --- [main] com.zaxxer.hikari.HikariDataSource       : HikariPool-1 - Starting...
2024-02-06T01:04:28.364+01:00  INFO 2510 --- [main] com.zaxxer.hikari.pool.HikariPool        : HikariPool-1 - Added connection com.mysql.cj.jdbc.ConnectionImpl@655621fd
2024-02-06T01:04:28.367+01:00  INFO 2510 --- [main] com.zaxxer.hikari.HikariDataSource       : HikariPool-1 - Start completed.
2024-02-06T01:04:29.479+01:00  INFO 2510 --- [main] o.h.e.t.j.p.i.JtaPlatformInitiator       : HHH000489: No JTA platform available (set 'hibernate.transaction.jta.platform' to enable JTA platform integration)
2024-02-06T01:04:29.483+01:00  INFO 2510 --- [main] j.LocalContainerEntityManagerFactoryBean : Initialized JPA EntityManagerFactory for persistence unit 'default'
2024-02-06T01:04:30.533+01:00  INFO 2510 --- [main] o.s.d.j.r.query.QueryEnhancerFactory     : Hibernate is in classpath; If applicable, HQL parser will be used.
2024-02-06T01:04:30.931+01:00  WARN 2510 --- [main] JpaBaseConfiguration$JpaWebConfiguration : spring.jpa.open-in-view is enabled by default. Therefore, database queries may be performed during view rendering. Explicitly configure spring.jpa.open-in-view to disable this warning
2024-02-06T01:04:31.970+01:00  INFO 2510 --- [main] o.s.b.w.embedded.tomcat.TomcatWebServer  : Tomcat started on port 8080 (http) with context path ''
2024-02-06T01:04:31.984+01:00  INFO 2510 --- [main] d.aittr.g_31_2_shop.G312ShopApplication  : Started G312ShopApplication in 7.225 seconds (process running for 7.664)
2024-02-06T01:04:38.286+01:00  INFO 2510 --- [http-nio-8080-exec-1] o.a.c.c.C.[Tomcat].[localhost].[/]       : Initializing Spring DispatcherServlet 'dispatcherServlet'
2024-02-06T01:04:38.287+01:00  INFO 2510 --- [http-nio-8080-exec-1] o.s.web.servlet.DispatcherServlet        : Initializing Servlet 'dispatcherServlet'
2024-02-06T01:04:38.288+01:00  INFO 2510 --- [http-nio-8080-exec-1] o.s.web.servlet.DispatcherServlet        : Completed initialization in 1 ms
2024-02-06T01:04:38.316+01:00  INFO 2510 --- [http-nio-8080-exec-1] d.a.g_31_2_shop.logging.AspectLogging    : ** Вызван метод getAllActiveCustomers класса de.aittr.g_31_2_shop.services.jpa.JpaCustomerService
2024-02-06T01:04:38.513+01:00  INFO 2510 --- [http-nio-8080-exec-1] d.a.g_31_2_shop.logging.AspectLogging    : ** Метод getAllActiveCustomers класса de.aittr.g_31_2_shop.services.jpa.JpaCustomerService вернул результат [CustomerDto{id=1, name='Vanya', cart=CartDto{id=4, products=[ProductDto{id=1, name='Banana', price=120.0}, ProductDto{id=2, name='Apple', price=90.0}, ProductDto{id=3, name='Orange', price=210.0}]}}, CustomerDto{id=2, name='Petya', cart=CartDto{id=5, products=[ProductDto{id=3, name='Orange', price=210.0}, ProductDto{id=4, name='Carrot', price=60.0}, ProductDto{id=5, name='Potato', price=70.0}, ProductDto{id=6, name='Coconut', price=300.0}]}}, CustomerDto{id=3, name='Sidor', cart=CartDto{id=6, products=[ProductDto{id=1, name='Banana', price=120.0}, ProductDto{id=3, name='Orange', price=210.0}, ProductDto{id=5, name='Potato', price=70.0}, ProductDto{id=7, name='Peach', price=170.0}]}}, CustomerDto{id=4, name='Vasya', cart=CartDto{id=7, products=[]}}, CustomerDto{id=6, name='Alex', cart=CartDto{id=9, products=[]}}, CustomerDto{id=7, name='Oleg', cart=CartDto{id=10, products=[]}}, CustomerDto{id=8, name='Ivan', cart=CartDto{id=11, products=[]}}, CustomerDto{id=9, name='Max', cart=CartDto{id=12, products=[]}}, CustomerDto{id=24, name='Mark', cart=CartDto{id=16, products=[]}}, CustomerDto{id=26, name='Markiz', cart=CartDto{id=17, products=[]}}]
2024-02-06T01:04:38.520+01:00  INFO 2510 --- [http-nio-8080-exec-1] d.a.g_31_2_shop.logging.AspectLogging    : ** Завершил работу метод getAllActiveCustomers класса de.aittr.g_31_2_shop.services.jpa.JpaCustomerService
2024-02-06T01:04:52.590+01:00  INFO 2510 --- [http-nio-8080-exec-3] d.a.g_31_2_shop.logging.AspectLogging    : ** Вызван метод getActiveCustomerById класса de.aittr.g_31_2_shop.services.jpa.JpaCustomerService с параметрами [2]
2024-02-06T01:04:52.616+01:00  INFO 2510 --- [http-nio-8080-exec-3] d.a.g_31_2_shop.logging.AspectLogging    : ** Метод getActiveCustomerById класса de.aittr.g_31_2_shop.services.jpa.JpaCustomerService с параметрами [2] вернул результат CustomerDto{id=2, name='Petya', cart=CartDto{id=5, products=[ProductDto{id=3, name='Orange', price=210.0}, ProductDto{id=4, name='Carrot', price=60.0}, ProductDto{id=5, name='Potato', price=70.0}, ProductDto{id=6, name='Coconut', price=300.0}]}}
2024-02-06T01:04:52.617+01:00  INFO 2510 --- [http-nio-8080-exec-3] d.a.g_31_2_shop.logging.AspectLogging    : ** Завершил работу метод getActiveCustomerById класса de.aittr.g_31_2_shop.services.jpa.JpaCustomerService с параметрами [2]
2024-02-06T01:05:09.571+01:00  INFO 2510 --- [http-nio-8080-exec-4] d.a.g_31_2_shop.logging.AspectLogging    : ** Вызван метод getActiveCustomerById класса de.aittr.g_31_2_shop.services.jpa.JpaCustomerService с параметрами [25]
2024-02-06T01:05:09.575+01:00  INFO 2510 --- [http-nio-8080-exec-4] d.a.g_31_2_shop.logging.AspectLogging    : ** Метод getActiveCustomerById класса de.aittr.g_31_2_shop.services.jpa.JpaCustomerService с параметрами [25] вернул результат null
2024-02-06T01:05:09.576+01:00  INFO 2510 --- [http-nio-8080-exec-4] d.a.g_31_2_shop.logging.AspectLogging    : ** Завершил работу метод getActiveCustomerById класса de.aittr.g_31_2_shop.services.jpa.JpaCustomerService с параметрами [25]
2024-02-06T01:05:36.807+01:00  INFO 2510 --- [http-nio-8080-exec-5] d.a.g_31_2_shop.logging.AspectLogging    : ** Вызван метод getActiveCustomerById класса de.aittr.g_31_2_shop.services.jpa.JpaCustomerService с параметрами [25]
2024-02-06T01:05:36.811+01:00  INFO 2510 --- [http-nio-8080-exec-5] d.a.g_31_2_shop.logging.AspectLogging    : ** Метод getActiveCustomerById класса de.aittr.g_31_2_shop.services.jpa.JpaCustomerService с параметрами [25] вернул результат null
2024-02-06T01:05:36.812+01:00  INFO 2510 --- [http-nio-8080-exec-5] d.a.g_31_2_shop.logging.AspectLogging    : ** Завершил работу метод getActiveCustomerById класса de.aittr.g_31_2_shop.services.jpa.JpaCustomerService с параметрами [25]
2024-02-06T01:06:16.888+01:00  INFO 2510 --- [http-nio-8080-exec-6] d.a.g_31_2_shop.logging.AspectLogging    : Вызван метод getAllActiveProducts.
2024-02-06T01:06:16.889+01:00  INFO 2510 --- [http-nio-8080-exec-6] d.a.g_31_2_shop.logging.AspectLogging    : ** Вызван метод getAllActiveProducts класса de.aittr.g_31_2_shop.services.jpa.JpaProductService
2024-02-06T01:06:16.897+01:00  INFO 2510 --- [http-nio-8080-exec-6] d.a.g_31_2_shop.logging.AspectLogging    : ** Метод getAllActiveProducts класса de.aittr.g_31_2_shop.services.jpa.JpaProductService вернул результат [ProductDto{id=1, name='Banana', price=120.0}, ProductDto{id=2, name='Apple', price=90.0}, ProductDto{id=3, name='Orange', price=210.0}, ProductDto{id=4, name='Carrot', price=60.0}, ProductDto{id=5, name='Potato', price=70.0}, ProductDto{id=7, name='Peach', price=170.0}, ProductDto{id=8, name='Lemon', price=260.0}, ProductDto{id=13, name='Pear', price=115.0}, ProductDto{id=14, name='Chery', price=200.0}]
2024-02-06T01:06:16.897+01:00  INFO 2510 --- [http-nio-8080-exec-6] d.a.g_31_2_shop.logging.AspectLogging    : ** Завершил работу метод getAllActiveProducts класса de.aittr.g_31_2_shop.services.jpa.JpaProductService
2024-02-06T01:06:21.791+01:00  INFO 2510 --- [http-nio-8080-exec-7] d.a.g_31_2_shop.logging.AspectLogging    : ** Вызван метод getActiveProductById класса de.aittr.g_31_2_shop.services.jpa.JpaProductService с параметрами [2]
2024-02-06T01:06:21.796+01:00  INFO 2510 --- [http-nio-8080-exec-7] d.a.g_31_2_shop.logging.AspectLogging    : ** Метод getActiveProductById класса de.aittr.g_31_2_shop.services.jpa.JpaProductService с параметрами [2] вернул результат ProductDto{id=2, name='Apple', price=90.0}
2024-02-06T01:06:21.796+01:00  INFO 2510 --- [http-nio-8080-exec-7] d.a.g_31_2_shop.logging.AspectLogging    : Метод getActiveProductById вызыван с параметром 2 и успешно вернул рузультат: ProductDto{id=2, name='Apple', price=90.0}
2024-02-06T01:06:21.797+01:00  INFO 2510 --- [http-nio-8080-exec-7] d.a.g_31_2_shop.logging.AspectLogging    : ** Завершил работу метод getActiveProductById класса de.aittr.g_31_2_shop.services.jpa.JpaProductService с параметрами [2]
2024-02-06T01:06:32.231+01:00  INFO 2510 --- [http-nio-8080-exec-8] d.a.g_31_2_shop.logging.AspectLogging    : ** Вызван метод getActiveProductById класса de.aittr.g_31_2_shop.services.jpa.JpaProductService с параметрами [28]
2024-02-06T01:06:32.236+01:00  WARN 2510 --- [http-nio-8080-exec-8] d.a.g_31_2_shop.logging.AspectLogging    : Метод getActiveProductById вызыван с параметром 28 и выбросил ошибку: Продукт с указанным идентификатором отстутсвует в базе данных
2024-02-06T01:06:32.236+01:00  INFO 2510 --- [http-nio-8080-exec-8] d.a.g_31_2_shop.logging.AspectLogging    : ** Метод getActiveProductById класса de.aittr.g_31_2_shop.services.jpa.JpaProductService с параметрами [28] вернул ошибку Продукт с указанным идентификатором отстутсвует в базе данных
2024-02-06T01:06:32.237+01:00  INFO 2510 --- [http-nio-8080-exec-8] d.a.g_31_2_shop.logging.AspectLogging    : ** Завершил работу метод getActiveProductById класса de.aittr.g_31_2_shop.services.jpa.JpaProductService с параметрами [28]
2024-02-06T01:07:08.723+01:00  INFO 2510 --- [SpringApplicationShutdownHook] j.LocalContainerEntityManagerFactoryBean : Closing JPA EntityManagerFactory for persistence unit 'default'
2024-02-06T01:07:08.725+01:00  INFO 2510 --- [SpringApplicationShutdownHook] com.zaxxer.hikari.HikariDataSource       : HikariPool-1 - Shutdown initiated...
2024-02-06T01:07:08.731+01:00  INFO 2510 --- [SpringApplicationShutdownHook] com.zaxxer.hikari.HikariDataSource       : HikariPool-1 - Shutdown completed.
